# JRE version: OpenJDK Runtime Environment Corretto-17.0.10.7.1 (17.0.10+7) (build 17.0.10+7-LTS)
# Java VM: OpenJDK 64-Bit Server VM Corretto-17.0.10.7.1 (17.0.10+7-LTS, mixed mode, sharing, tiered, compressed oops, compressed class ptrs, g1 gc, windows-amd64)
GC Precious Log:
 CPUs: 4 total, 4 available
 Memory: 7887M
 Large Page Support: Disabled
 NUMA Support: Disabled
 Compressed Oops: Enabled (32-bit)
 Heap Region Size: 1M
 Heap Min Capacity: 256M
 Heap Initial Capacity: 256M
 Heap Max Capacity: 512M
 Pre-touch: Disabled
 Parallel Workers: 4
 Concurrent Workers: 1
 Concurrent Refinement Workers: 4
 Periodic GC: Disabled
Heap:
 garbage-first heap   total 262144K, used 135597K [0x00000000e0000000, 0x0000000100000000)
  region size 1024K, 93 young (95232K), 12 survivors (12288K)
 Metaspace       used 55227K, committed 55808K, reserved 393216K
  class space    used 7589K, committed 7872K, reserved 327680K
GC Heap History (20 events):
Event: 3.440 GC heap before
{Heap before GC invocations=0 (full 0):
 garbage-first heap   total 262144K, used 13312K [0x00000000e0000000, 0x0000000100000000)
  region size 1024K, 13 young (13312K), 0 survivors (0K)
 Metaspace       used 796K, committed 896K, reserved 393216K
  class space    used 61K, committed 128K, reserved 327680K
}
Event: 3.471 GC heap after
{Heap after GC invocations=1 (full 0):
 garbage-first heap   total 262144K, used 1688K [0x00000000e0000000, 0x0000000100000000)
  region size 1024K, 2 young (2048K), 2 survivors (2048K)
 Metaspace       used 796K, committed 896K, reserved 393216K
  class space    used 61K, committed 128K, reserved 327680K
}
Event: 6.959 GC heap before
{Heap before GC invocations=1 (full 0):
 garbage-first heap   total 262144K, used 22168K [0x00000000e0000000, 0x0000000100000000)
  region size 1024K, 19 young (19456K), 2 survivors (2048K)
 Metaspace       used 3267K, committed 3392K, reserved 393216K
  class space    used 413K, committed 512K, reserved 327680K
}
Event: 6.966 GC heap after
{Heap after GC invocations=2 (full 0):
 garbage-first heap   total 262144K, used 11023K [0x00000000e0000000, 0x0000000100000000)
  region size 1024K, 3 young (3072K), 3 survivors (3072K)
 Metaspace       used 3267K, committed 3392K, reserved 393216K
  class space    used 413K, committed 512K, reserved 327680K
}
Event: 10.208 GC heap before
{Heap before GC invocations=2 (full 0):
 garbage-first heap   total 262144K, used 41743K [0x00000000e0000000, 0x0000000100000000)
  region size 1024K, 33 young (33792K), 3 survivors (3072K)
 Metaspace       used 4100K, committed 4352K, reserved 393216K
  class space    used 506K, committed 640K, reserved 327680K
}
Event: 10.212 GC heap after
{Heap after GC invocations=3 (full 0):
 garbage-first heap   total 262144K, used 12178K [0x00000000e0000000, 0x0000000100000000)
  region size 1024K, 1 young (1024K), 1 survivors (1024K)
 Metaspace       used 4100K, committed 4352K, reserved 393216K
  class space    used 506K, committed 640K, reserved 327680K
}
Event: 20.462 GC heap before
{Heap before GC invocations=3 (full 0):
 garbage-first heap   total 262144K, used 131986K [0x00000000e0000000, 0x0000000100000000)
  region size 1024K, 117 young (119808K), 1 survivors (1024K)
 Metaspace       used 21273K, committed 21504K, reserved 393216K
  class space    used 3133K, committed 3264K, reserved 327680K
}
Event: 20.486 GC heap after
{Heap after GC invocations=4 (full 0):
 garbage-first heap   total 262144K, used 23731K [0x00000000e0000000, 0x0000000100000000)
  region size 1024K, 12 young (12288K), 12 survivors (12288K)
 Metaspace       used 21273K, committed 21504K, reserved 393216K
  class space    used 3133K, committed 3264K, reserved 327680K
}
Event: 27.169 GC heap before
{Heap before GC invocations=5 (full 0):
 garbage-first heap   total 262144K, used 145587K [0x00000000e0000000, 0x0000000100000000)
  region size 1024K, 128 young (131072K), 12 survivors (12288K)
 Metaspace       used 35860K, committed 36160K, reserved 393216K
  class space    used 4990K, committed 5120K, reserved 327680K
}
Event: 27.199 GC heap after
{Heap after GC invocations=6 (full 0):
 garbage-first heap   total 262144K, used 33119K [0x00000000e0000000, 0x0000000100000000)
  region size 1024K, 10 young (10240K), 10 survivors (10240K)
 Metaspace       used 35860K, committed 36160K, reserved 393216K
  class space    used 4990K, committed 5120K, reserved 327680K
}
Event: 27.272 GC heap before
{Heap before GC invocations=6 (full 0):
 garbage-first heap   total 262144K, used 35167K [0x00000000e0000000, 0x0000000100000000)
  region size 1024K, 12 young (12288K), 10 survivors (10240K)
 Metaspace       used 36070K, committed 36480K, reserved 393216K
  class space    used 5028K, committed 5184K, reserved 327680K
}
Event: 27.289 GC heap after
{Heap after GC invocations=7 (full 0):
 garbage-first heap   total 262144K, used 33786K [0x00000000e0000000, 0x0000000100000000)
  region size 1024K, 2 young (2048K), 2 survivors (2048K)
 Metaspace       used 36070K, committed 36480K, reserved 393216K
  class space    used 5028K, committed 5184K, reserved 327680K
}
Event: 27.318 GC heap before
{Heap before GC invocations=7 (full 0):
 garbage-first heap   total 262144K, used 33786K [0x00000000e0000000, 0x0000000100000000)
  region size 1024K, 3 young (3072K), 2 survivors (2048K)
 Metaspace       used 36140K, committed 36480K, reserved 393216K
  class space    used 5042K, committed 5184K, reserved 327680K
}
Event: 27.320 GC heap after
{Heap after GC invocations=8 (full 0):
 garbage-first heap   total 262144K, used 32779K [0x00000000e0000000, 0x0000000100000000)
  region size 1024K, 1 young (1024K), 1 survivors (1024K)
 Metaspace       used 36140K, committed 36480K, reserved 393216K
  class space    used 5042K, committed 5184K, reserved 327680K
}
Event: 35.980 GC heap before
{Heap before GC invocations=9 (full 0):
 garbage-first heap   total 262144K, used 189451K [0x00000000e0000000, 0x0000000100000000)
  region size 1024K, 153 young (156672K), 1 survivors (1024K)
 Metaspace       used 48859K, committed 49344K, reserved 393216K
  class space    used 6934K, committed 7168K, reserved 327680K
}
Event: 36.002 GC heap after
{Heap after GC invocations=10 (full 0):
 garbage-first heap   total 262144K, used 42274K [0x00000000e0000000, 0x0000000100000000)
  region size 1024K, 10 young (10240K), 10 survivors (10240K)
 Metaspace       used 48859K, committed 49344K, reserved 393216K
  class space    used 6934K, committed 7168K, reserved 327680K
}
Event: 36.137 GC heap before
{Heap before GC invocations=10 (full 0):
 garbage-first heap   total 262144K, used 44322K [0x00000000e0000000, 0x0000000100000000)
  region size 1024K, 12 young (12288K), 10 survivors (10240K)
 Metaspace       used 49078K, committed 49600K, reserved 393216K
  class space    used 6976K, committed 7232K, reserved 327680K
}
Event: 36.153 GC heap after
{Heap after GC invocations=11 (full 0):
 garbage-first heap   total 262144K, used 43338K [0x00000000e0000000, 0x0000000100000000)
  region size 1024K, 2 young (2048K), 2 survivors (2048K)
 Metaspace       used 49078K, committed 49600K, reserved 393216K
  class space    used 6976K, committed 7232K, reserved 327680K
}
Event: 46.697 GC heap before
{Heap before GC invocations=11 (full 0):
 garbage-first heap   total 262144K, used 196938K [0x00000000e0000000, 0x0000000100000000)
  region size 1024K, 153 young (156672K), 2 survivors (2048K)
 Metaspace       used 54029K, committed 54592K, reserved 393216K
  class space    used 7453K, committed 7744K, reserved 327680K
}
Event: 46.718 GC heap after
{Heap after GC invocations=12 (full 0):
 garbage-first heap   total 262144K, used 53677K [0x00000000e0000000, 0x0000000100000000)
  region size 1024K, 12 young (12288K), 12 survivors (12288K)
 Metaspace       used 54029K, committed 54592K, reserved 393216K
  class space    used 7453K, committed 7744K, reserved 327680K
}

