# JRE version: OpenJDK Runtime Environment Corretto-17.0.10.7.1 (17.0.10+7) (build 17.0.10+7-LTS)
# Java VM: OpenJDK 64-Bit Server VM Corretto-17.0.10.7.1 (17.0.10+7-LTS, mixed mode, emulated-client, sharing, tiered, compressed oops, compressed class ptrs, g1 gc, windows-amd64)
GC Precious Log:
 CPUs: 4 total, 4 available
 Memory: 7887M
 Large Page Support: Disabled
 NUMA Support: Disabled
 Compressed Oops: Enabled (32-bit)
 Heap Region Size: 1M
 Heap Min Capacity: 8M
 Heap Initial Capacity: 124M
 Heap Max Capacity: 1972M
 Pre-touch: Disabled
 Parallel Workers: 4
 Concurrent Workers: 1
 Concurrent Refinement Workers: 4
 Periodic GC: Disabled
Heap:
 garbage-first heap   total 92160K, used 44499K [0x0000000084c00000, 0x0000000100000000)
  region size 1024K, 18 young (18432K), 6 survivors (6144K)
 Metaspace       used 67326K, committed 67840K, reserved 1114112K
  class space    used 9638K, committed 9920K, reserved 1048576K
GC Heap History (20 events):
Event: 7.953 GC heap before
{Heap before GC invocations=7 (full 0):
 garbage-first heap   total 61440K, used 19238K [0x0000000084c00000, 0x0000000100000000)
  region size 1024K, 5 young (5120K), 4 survivors (4096K)
 Metaspace       used 23252K, committed 23552K, reserved 1114112K
  class space    used 3189K, committed 3328K, reserved 1048576K
}
Event: 7.957 GC heap after
{Heap after GC invocations=8 (full 0):
 garbage-first heap   total 61440K, used 18773K [0x0000000084c00000, 0x0000000100000000)
  region size 1024K, 1 young (1024K), 1 survivors (1024K)
 Metaspace       used 23252K, committed 23552K, reserved 1114112K
  class space    used 3189K, committed 3328K, reserved 1048576K
}
Event: 8.458 GC heap before
{Heap before GC invocations=8 (full 0):
 garbage-first heap   total 61440K, used 44373K [0x0000000084c00000, 0x0000000100000000)
  region size 1024K, 26 young (26624K), 1 survivors (1024K)
 Metaspace       used 25421K, committed 25728K, reserved 1114112K
  class space    used 3514K, committed 3648K, reserved 1048576K
}
Event: 8.462 GC heap after
{Heap after GC invocations=9 (full 0):
 garbage-first heap   total 61440K, used 19561K [0x0000000084c00000, 0x0000000100000000)
  region size 1024K, 2 young (2048K), 2 survivors (2048K)
 Metaspace       used 25421K, committed 25728K, reserved 1114112K
  class space    used 3514K, committed 3648K, reserved 1048576K
}
Event: 9.221 GC heap before
{Heap before GC invocations=9 (full 0):
 garbage-first heap   total 61440K, used 46185K [0x0000000084c00000, 0x0000000100000000)
  region size 1024K, 28 young (28672K), 2 survivors (2048K)
 Metaspace       used 29037K, committed 29440K, reserved 1114112K
  class space    used 4043K, committed 4224K, reserved 1048576K
}
Event: 9.248 GC heap after
{Heap after GC invocations=10 (full 0):
 garbage-first heap   total 61440K, used 21648K [0x0000000084c00000, 0x0000000100000000)
  region size 1024K, 4 young (4096K), 4 survivors (4096K)
 Metaspace       used 29037K, committed 29440K, reserved 1114112K
  class space    used 4043K, committed 4224K, reserved 1048576K
}
Event: 9.845 GC heap before
{Heap before GC invocations=10 (full 0):
 garbage-first heap   total 61440K, used 45200K [0x0000000084c00000, 0x0000000100000000)
  region size 1024K, 28 young (28672K), 4 survivors (4096K)
 Metaspace       used 32299K, committed 32768K, reserved 1114112K
  class space    used 4442K, committed 4672K, reserved 1048576K
}
Event: 9.853 GC heap after
{Heap after GC invocations=11 (full 0):
 garbage-first heap   total 61440K, used 23757K [0x0000000084c00000, 0x0000000100000000)
  region size 1024K, 3 young (3072K), 3 survivors (3072K)
 Metaspace       used 32299K, committed 32768K, reserved 1114112K
  class space    used 4442K, committed 4672K, reserved 1048576K
}
Event: 10.667 GC heap before
{Heap before GC invocations=11 (full 0):
 garbage-first heap   total 61440K, used 46285K [0x0000000084c00000, 0x0000000100000000)
  region size 1024K, 25 young (25600K), 3 survivors (3072K)
 Metaspace       used 35086K, committed 35520K, reserved 1114112K
  class space    used 4838K, committed 5056K, reserved 1048576K
}
Event: 10.672 GC heap after
{Heap after GC invocations=12 (full 0):
 garbage-first heap   total 101376K, used 24467K [0x0000000084c00000, 0x0000000100000000)
  region size 1024K, 3 young (3072K), 3 survivors (3072K)
 Metaspace       used 35086K, committed 35520K, reserved 1114112K
  class space    used 4838K, committed 5056K, reserved 1048576K
}
Event: 10.806 GC heap before
{Heap before GC invocations=12 (full 0):
 garbage-first heap   total 101376K, used 27539K [0x0000000084c00000, 0x0000000100000000)
  region size 1024K, 7 young (7168K), 3 survivors (3072K)
 Metaspace       used 35715K, committed 36096K, reserved 1114112K
  class space    used 4941K, committed 5120K, reserved 1048576K
}
Event: 10.811 GC heap after
{Heap after GC invocations=13 (full 0):
 garbage-first heap   total 101376K, used 24634K [0x0000000084c00000, 0x0000000100000000)
  region size 1024K, 3 young (3072K), 3 survivors (3072K)
 Metaspace       used 35715K, committed 36096K, reserved 1114112K
  class space    used 4941K, committed 5120K, reserved 1048576K
}
Event: 12.779 GC heap before
{Heap before GC invocations=14 (full 0):
 garbage-first heap   total 92160K, used 76858K [0x0000000084c00000, 0x0000000100000000)
  region size 1024K, 54 young (55296K), 3 survivors (3072K)
 Metaspace       used 47035K, committed 47488K, reserved 1114112K
  class space    used 6556K, committed 6784K, reserved 1048576K
}
Event: 12.788 GC heap after
{Heap after GC invocations=15 (full 0):
 garbage-first heap   total 92160K, used 27504K [0x0000000084c00000, 0x0000000100000000)
  region size 1024K, 6 young (6144K), 6 survivors (6144K)
 Metaspace       used 47035K, committed 47488K, reserved 1114112K
  class space    used 6556K, committed 6784K, reserved 1048576K
}
Event: 13.976 GC heap before
{Heap before GC invocations=16 (full 0):
 garbage-first heap   total 92160K, used 72560K [0x0000000084c00000, 0x0000000100000000)
  region size 1024K, 51 young (52224K), 6 survivors (6144K)
 Metaspace       used 53668K, committed 54144K, reserved 1114112K
  class space    used 7391K, committed 7616K, reserved 1048576K
}
Event: 13.986 GC heap after
{Heap after GC invocations=17 (full 0):
 garbage-first heap   total 92160K, used 30120K [0x0000000084c00000, 0x0000000100000000)
  region size 1024K, 6 young (6144K), 6 survivors (6144K)
 Metaspace       used 53668K, committed 54144K, reserved 1114112K
  class space    used 7391K, committed 7616K, reserved 1048576K
}
Event: 14.998 GC heap before
{Heap before GC invocations=17 (full 0):
 garbage-first heap   total 92160K, used 73128K [0x0000000084c00000, 0x0000000100000000)
  region size 1024K, 48 young (49152K), 6 survivors (6144K)
 Metaspace       used 58742K, committed 59200K, reserved 1114112K
  class space    used 8327K, committed 8576K, reserved 1048576K
}
Event: 15.007 GC heap after
{Heap after GC invocations=18 (full 0):
 garbage-first heap   total 92160K, used 31189K [0x0000000084c00000, 0x0000000100000000)
  region size 1024K, 4 young (4096K), 4 survivors (4096K)
 Metaspace       used 58742K, committed 59200K, reserved 1114112K
  class space    used 8327K, committed 8576K, reserved 1048576K
}
Event: 16.690 GC heap before
{Heap before GC invocations=18 (full 0):
 garbage-first heap   total 92160K, used 74197K [0x0000000084c00000, 0x0000000100000000)
  region size 1024K, 46 young (47104K), 4 survivors (4096K)
 Metaspace       used 65746K, committed 66304K, reserved 1114112K
  class space    used 9335K, committed 9600K, reserved 1048576K
}
Event: 16.702 GC heap after
{Heap after GC invocations=19 (full 0):
 garbage-first heap   total 92160K, used 33235K [0x0000000084c00000, 0x0000000100000000)
  region size 1024K, 6 young (6144K), 6 survivors (6144K)
 Metaspace       used 65746K, committed 66304K, reserved 1114112K
  class space    used 9335K, committed 9600K, reserved 1048576K
}

