# JRE version: OpenJDK Runtime Environment Corretto-17.0.10.7.1 (17.0.10+7) (build 17.0.10+7-LTS)
# Java VM: OpenJDK 64-Bit Server VM Corretto-17.0.10.7.1 (17.0.10+7-LTS, mixed mode, emulated-client, sharing, tiered, compressed oops, compressed class ptrs, g1 gc, windows-amd64)
GC Precious Log:
 CPUs: 4 total, 4 available
 Memory: 7887M
 Large Page Support: Disabled
 NUMA Support: Disabled
 Compressed Oops: Enabled (32-bit)
 Heap Region Size: 1M
 Heap Min Capacity: 8M
 Heap Initial Capacity: 124M
 Heap Max Capacity: 1972M
 Pre-touch: Disabled
 Parallel Workers: 4
 Concurrent Workers: 1
 Concurrent Refinement Workers: 4
 Periodic GC: Disabled
Heap:
 garbage-first heap   total 65536K, used 35873K [0x0000000084c00000, 0x0000000100000000)
  region size 1024K, 9 young (9216K), 2 survivors (2048K)
 Metaspace       used 51450K, committed 51904K, reserved 1114112K
  class space    used 7248K, committed 7488K, reserved 1048576K
GC Heap History (20 events):
Event: 7.234 GC heap before
{Heap before GC invocations=3 (full 0):
 garbage-first heap   total 126976K, used 80320K [0x0000000084c00000, 0x0000000100000000)
  region size 1024K, 71 young (72704K), 2 survivors (2048K)
 Metaspace       used 21030K, committed 21376K, reserved 1114112K
  class space    used 2901K, committed 3072K, reserved 1048576K
}
Event: 7.246 GC heap after
{Heap after GC invocations=4 (full 0):
 garbage-first heap   total 126976K, used 15922K [0x0000000084c00000, 0x0000000100000000)
  region size 1024K, 7 young (7168K), 7 survivors (7168K)
 Metaspace       used 21030K, committed 21376K, reserved 1114112K
  class space    used 2901K, committed 3072K, reserved 1048576K
}
Event: 7.342 GC heap before
{Heap before GC invocations=4 (full 0):
 garbage-first heap   total 126976K, used 18994K [0x0000000084c00000, 0x0000000100000000)
  region size 1024K, 11 young (11264K), 7 survivors (7168K)
 Metaspace       used 21235K, committed 21504K, reserved 1114112K
  class space    used 2934K, committed 3072K, reserved 1048576K
}
Event: 7.352 GC heap after
{Heap after GC invocations=5 (full 0):
 garbage-first heap   total 126976K, used 17123K [0x0000000084c00000, 0x0000000100000000)
  region size 1024K, 2 young (2048K), 2 survivors (2048K)
 Metaspace       used 21235K, committed 21504K, reserved 1114112K
  class space    used 2934K, committed 3072K, reserved 1048576K
}
Event: 8.307 GC heap before
{Heap before GC invocations=6 (full 0):
 garbage-first heap   total 65536K, used 52963K [0x0000000084c00000, 0x0000000100000000)
  region size 1024K, 38 young (38912K), 2 survivors (2048K)
 Metaspace       used 24172K, committed 24512K, reserved 1114112K
  class space    used 3349K, committed 3520K, reserved 1048576K
}
Event: 8.311 GC heap after
{Heap after GC invocations=7 (full 0):
 garbage-first heap   total 65536K, used 18708K [0x0000000084c00000, 0x0000000100000000)
  region size 1024K, 3 young (3072K), 3 survivors (3072K)
 Metaspace       used 24172K, committed 24512K, reserved 1114112K
  class space    used 3349K, committed 3520K, reserved 1048576K
}
Event: 9.065 GC heap before
{Heap before GC invocations=7 (full 0):
 garbage-first heap   total 65536K, used 45332K [0x0000000084c00000, 0x0000000100000000)
  region size 1024K, 29 young (29696K), 3 survivors (3072K)
 Metaspace       used 26647K, committed 27008K, reserved 1114112K
  class space    used 3754K, committed 3904K, reserved 1048576K
}
Event: 9.071 GC heap after
{Heap after GC invocations=8 (full 0):
 garbage-first heap   total 65536K, used 20360K [0x0000000084c00000, 0x0000000100000000)
  region size 1024K, 2 young (2048K), 2 survivors (2048K)
 Metaspace       used 26647K, committed 27008K, reserved 1114112K
  class space    used 3754K, committed 3904K, reserved 1048576K
}
Event: 9.789 GC heap before
{Heap before GC invocations=8 (full 0):
 garbage-first heap   total 65536K, used 46984K [0x0000000084c00000, 0x0000000100000000)
  region size 1024K, 28 young (28672K), 2 survivors (2048K)
 Metaspace       used 30324K, committed 30784K, reserved 1114112K
  class space    used 4312K, committed 4544K, reserved 1048576K
}
Event: 9.795 GC heap after
{Heap after GC invocations=9 (full 0):
 garbage-first heap   total 65536K, used 22833K [0x0000000084c00000, 0x0000000100000000)
  region size 1024K, 4 young (4096K), 4 survivors (4096K)
 Metaspace       used 30324K, committed 30784K, reserved 1114112K
  class space    used 4312K, committed 4544K, reserved 1048576K
}
Event: 10.872 GC heap before
{Heap before GC invocations=9 (full 0):
 garbage-first heap   total 65536K, used 47409K [0x0000000084c00000, 0x0000000100000000)
  region size 1024K, 29 young (29696K), 4 survivors (4096K)
 Metaspace       used 33409K, committed 33856K, reserved 1114112K
  class space    used 4706K, committed 4928K, reserved 1048576K
}
Event: 10.884 GC heap after
{Heap after GC invocations=10 (full 0):
 garbage-first heap   total 65536K, used 24557K [0x0000000084c00000, 0x0000000100000000)
  region size 1024K, 2 young (2048K), 2 survivors (2048K)
 Metaspace       used 33409K, committed 33856K, reserved 1114112K
  class space    used 4706K, committed 4928K, reserved 1048576K
}
Event: 11.571 GC heap before
{Heap before GC invocations=10 (full 0):
 garbage-first heap   total 65536K, used 33773K [0x0000000084c00000, 0x0000000100000000)
  region size 1024K, 13 young (13312K), 2 survivors (2048K)
 Metaspace       used 35535K, committed 35968K, reserved 1114112K
  class space    used 4990K, committed 5184K, reserved 1048576K
}
Event: 11.575 GC heap after
{Heap after GC invocations=11 (full 0):
 garbage-first heap   total 65536K, used 24911K [0x0000000084c00000, 0x0000000100000000)
  region size 1024K, 3 young (3072K), 3 survivors (3072K)
 Metaspace       used 35535K, committed 35968K, reserved 1114112K
  class space    used 4990K, committed 5184K, reserved 1048576K
}
Event: 12.518 GC heap before
{Heap before GC invocations=12 (full 0):
 garbage-first heap   total 65536K, used 49487K [0x0000000084c00000, 0x0000000100000000)
  region size 1024K, 27 young (27648K), 3 survivors (3072K)
 Metaspace       used 39753K, committed 40192K, reserved 1114112K
  class space    used 5724K, committed 5952K, reserved 1048576K
}
Event: 12.522 GC heap after
{Heap after GC invocations=13 (full 0):
 garbage-first heap   total 65536K, used 25711K [0x0000000084c00000, 0x0000000100000000)
  region size 1024K, 3 young (3072K), 3 survivors (3072K)
 Metaspace       used 39753K, committed 40192K, reserved 1114112K
  class space    used 5724K, committed 5952K, reserved 1048576K
}
Event: 13.519 GC heap before
{Heap before GC invocations=13 (full 0):
 garbage-first heap   total 65536K, used 50287K [0x0000000084c00000, 0x0000000100000000)
  region size 1024K, 28 young (28672K), 3 survivors (3072K)
 Metaspace       used 47800K, committed 48320K, reserved 1114112K
  class space    used 6756K, committed 6976K, reserved 1048576K
}
Event: 13.533 GC heap after
{Heap after GC invocations=14 (full 0):
 garbage-first heap   total 65536K, used 28261K [0x0000000084c00000, 0x0000000100000000)
  region size 1024K, 4 young (4096K), 4 survivors (4096K)
 Metaspace       used 47800K, committed 48320K, reserved 1114112K
  class space    used 6756K, committed 6976K, reserved 1048576K
}
Event: 14.080 GC heap before
{Heap before GC invocations=14 (full 0):
 garbage-first heap   total 65536K, used 49765K [0x0000000084c00000, 0x0000000100000000)
  region size 1024K, 26 young (26624K), 4 survivors (4096K)
 Metaspace       used 50916K, committed 51392K, reserved 1114112K
  class space    used 7170K, committed 7424K, reserved 1048576K
}
Event: 14.086 GC heap after
{Heap after GC invocations=15 (full 0):
 garbage-first heap   total 65536K, used 29729K [0x0000000084c00000, 0x0000000100000000)
  region size 1024K, 2 young (2048K), 2 survivors (2048K)
 Metaspace       used 50916K, committed 51392K, reserved 1114112K
  class space    used 7170K, committed 7424K, reserved 1048576K
}

