# JRE version: OpenJDK Runtime Environment Corretto-17.0.10.7.1 (17.0.10+7) (build 17.0.10+7-LTS)
# Java VM: OpenJDK 64-Bit Server VM Corretto-17.0.10.7.1 (17.0.10+7-LTS, mixed mode, sharing, tiered, compressed oops, compressed class ptrs, g1 gc, windows-amd64)
GC Precious Log:
 CPUs: 4 total, 4 available
 Memory: 7887M
 Large Page Support: Disabled
 NUMA Support: Disabled
 Compressed Oops: Enabled (32-bit)
 Heap Region Size: 1M
 Heap Min Capacity: 256M
 Heap Initial Capacity: 256M
 Heap Max Capacity: 512M
 Pre-touch: Disabled
 Parallel Workers: 4
 Concurrent Workers: 1
 Concurrent Refinement Workers: 4
 Periodic GC: Disabled
Heap:
 garbage-first heap   total 262144K, used 115307K [0x00000000e0000000, 0x0000000100000000)
  region size 1024K, 82 young (83968K), 17 survivors (17408K)
 Metaspace       used 55256K, committed 55808K, reserved 393216K
  class space    used 7685K, committed 7936K, reserved 327680K
GC Heap History (14 events):
Event: 0.753 GC heap before
{Heap before GC invocations=0 (full 0):
 garbage-first heap   total 262144K, used 13312K [0x00000000e0000000, 0x0000000100000000)
  region size 1024K, 13 young (13312K), 0 survivors (0K)
 Metaspace       used 790K, committed 896K, reserved 393216K
  class space    used 61K, committed 128K, reserved 327680K
}
Event: 0.757 GC heap after
{Heap after GC invocations=1 (full 0):
 garbage-first heap   total 262144K, used 1728K [0x00000000e0000000, 0x0000000100000000)
  region size 1024K, 2 young (2048K), 2 survivors (2048K)
 Metaspace       used 790K, committed 896K, reserved 393216K
  class space    used 61K, committed 128K, reserved 327680K
}
Event: 1.640 GC heap before
{Heap before GC invocations=1 (full 0):
 garbage-first heap   total 262144K, used 22208K [0x00000000e0000000, 0x0000000100000000)
  region size 1024K, 19 young (19456K), 2 survivors (2048K)
 Metaspace       used 3246K, committed 3392K, reserved 393216K
  class space    used 411K, committed 512K, reserved 327680K
}
Event: 1.646 GC heap after
{Heap after GC invocations=2 (full 0):
 garbage-first heap   total 262144K, used 11075K [0x00000000e0000000, 0x0000000100000000)
  region size 1024K, 3 young (3072K), 3 survivors (3072K)
 Metaspace       used 3246K, committed 3392K, reserved 393216K
  class space    used 411K, committed 512K, reserved 327680K
}
Event: 2.457 GC heap before
{Heap before GC invocations=2 (full 0):
 garbage-first heap   total 262144K, used 41795K [0x00000000e0000000, 0x0000000100000000)
  region size 1024K, 33 young (33792K), 3 survivors (3072K)
 Metaspace       used 4056K, committed 4224K, reserved 393216K
  class space    used 502K, committed 640K, reserved 327680K
}
Event: 2.461 GC heap after
{Heap after GC invocations=3 (full 0):
 garbage-first heap   total 262144K, used 12158K [0x00000000e0000000, 0x0000000100000000)
  region size 1024K, 1 young (1024K), 1 survivors (1024K)
 Metaspace       used 4056K, committed 4224K, reserved 393216K
  class space    used 502K, committed 640K, reserved 327680K
}
Event: 6.226 GC heap before
{Heap before GC invocations=3 (full 0):
 garbage-first heap   total 262144K, used 132990K [0x00000000e0000000, 0x0000000100000000)
  region size 1024K, 118 young (120832K), 1 survivors (1024K)
 Metaspace       used 21221K, committed 21504K, reserved 393216K
  class space    used 3123K, committed 3264K, reserved 327680K
}
Event: 6.242 GC heap after
{Heap after GC invocations=4 (full 0):
 garbage-first heap   total 262144K, used 23583K [0x00000000e0000000, 0x0000000100000000)
  region size 1024K, 12 young (12288K), 12 survivors (12288K)
 Metaspace       used 21221K, committed 21504K, reserved 393216K
  class space    used 3123K, committed 3264K, reserved 327680K
}
Event: 9.897 GC heap before
{Heap before GC invocations=5 (full 0):
 garbage-first heap   total 262144K, used 144415K [0x00000000e0000000, 0x0000000100000000)
  region size 1024K, 127 young (130048K), 12 survivors (12288K)
 Metaspace       used 35707K, committed 36096K, reserved 393216K
  class space    used 4963K, committed 5184K, reserved 327680K
}
Event: 9.994 GC heap after
{Heap after GC invocations=6 (full 0):
 garbage-first heap   total 262144K, used 32902K [0x00000000e0000000, 0x0000000100000000)
  region size 1024K, 10 young (10240K), 10 survivors (10240K)
 Metaspace       used 35707K, committed 36096K, reserved 393216K
  class space    used 4963K, committed 5184K, reserved 327680K
}
Event: 15.796 GC heap before
{Heap before GC invocations=7 (full 0):
 garbage-first heap   total 262144K, used 145542K [0x00000000e0000000, 0x0000000100000000)
  region size 1024K, 119 young (121856K), 10 survivors (10240K)
 Metaspace       used 46889K, committed 47360K, reserved 393216K
  class space    used 6627K, committed 6848K, reserved 327680K
}
Event: 15.816 GC heap after
{Heap after GC invocations=8 (full 0):
 garbage-first heap   total 262144K, used 37893K [0x00000000e0000000, 0x0000000100000000)
  region size 1024K, 6 young (6144K), 6 survivors (6144K)
 Metaspace       used 46889K, committed 47360K, reserved 393216K
  class space    used 6627K, committed 6848K, reserved 327680K
}
Event: 23.569 GC heap before
{Heap before GC invocations=8 (full 0):
 garbage-first heap   total 262144K, used 187397K [0x00000000e0000000, 0x0000000100000000)
  region size 1024K, 153 young (156672K), 6 survivors (6144K)
 Metaspace       used 54561K, committed 55104K, reserved 393216K
  class space    used 7678K, committed 7936K, reserved 327680K
}
Event: 23.600 GC heap after
{Heap after GC invocations=9 (full 0):
 garbage-first heap   total 262144K, used 49771K [0x00000000e0000000, 0x0000000100000000)
  region size 1024K, 17 young (17408K), 17 survivors (17408K)
 Metaspace       used 54561K, committed 55104K, reserved 393216K
  class space    used 7678K, committed 7936K, reserved 327680K
}

